Mon Jun  9 02:50:01 UTC 2025: === INICIANDO PROCESO ETL ===
Mon Jun  9 02:50:01 UTC 2025: Verificando conexión a la base de datos...
Conexión a BD exitosa
Mon Jun  9 02:50:02 UTC 2025: Ejecutando proceso ETL...
2025-06-09 02:50:03,113 - INFO - === INICIO DEL PROCESO ETL ===
2025-06-09 02:50:03,165 - INFO - Conexión a la base de datos establecida exitosamente
2025-06-09 02:50:03,165 - INFO - Iniciando creación del esquema de base de datos...
2025-06-09 02:50:03,178 - INFO - Esquema de base de datos creado exitosamente
2025-06-09 02:50:03,179 - INFO - Iniciando carga de datos CSV...
2025-06-09 02:50:03,187 - INFO - Cargado clientes: 100 registros
2025-06-09 02:50:03,192 - INFO - Cargado productos: 100 registros
2025-06-09 02:50:03,197 - INFO - Cargado ventas: 100 registros
2025-06-09 02:50:03,197 - INFO - Cargando dimensiones al Data Warehouse...
2025-06-09 02:50:03,206 - INFO - Limpiando tablas existentes...
2025-06-09 02:50:03,225 - INFO - Cargando dimensión de fechas...
2025-06-09 02:50:03,226 - INFO - Generando dimensión de fechas...
2025-06-09 02:50:03,677 - INFO - Cargados 2192 registros en dim_fecha
2025-06-09 02:50:03,678 - INFO - Cargando dimensión de clientes...
2025-06-09 02:50:03,707 - INFO - Cargados 100 registros en dim_cliente
2025-06-09 02:50:03,707 - INFO - Cargando dimensión de productos...
2025-06-09 02:50:03,728 - INFO - Cargados 100 registros en dim_producto
2025-06-09 02:50:03,728 - INFO - Cargando tabla de hechos...
2025-06-09 02:50:03,776 - INFO - Cargados 100 registros en fact_ventas
2025-06-09 02:50:03,776 - INFO - === PROCESO ETL COMPLETADO EXITOSAMENTE ===
Mon Jun  9 02:50:03 UTC 2025: === PROCESO ETL COMPLETADO EXITOSAMENTE ===
Mon Jun  9 02:50:03 UTC 2025: Generando estadísticas del proceso...
Estadísticas del Data Warehouse:
- dim_fecha: 2192 registros
- dim_cliente: 100 registros
- dim_producto: 100 registros
- fact_ventas: 100 registros
Mon Jun  9 02:50:04 UTC 2025: === FIN DEL PROCESO ETL ===
Mon Jun  9 02:51:01 UTC 2025: === INICIANDO PROCESO ETL ===
Mon Jun  9 02:51:01 UTC 2025: Verificando conexión a la base de datos...
Conexión a BD exitosa
Mon Jun  9 02:51:01 UTC 2025: Ejecutando proceso ETL...
2025-06-09 02:51:02,357 - INFO - === INICIO DEL PROCESO ETL ===
2025-06-09 02:51:02,405 - INFO - Conexión a la base de datos establecida exitosamente
2025-06-09 02:51:02,405 - INFO - Iniciando creación del esquema de base de datos...
2025-06-09 02:51:02,417 - INFO - Esquema de base de datos creado exitosamente
2025-06-09 02:51:02,417 - INFO - Iniciando carga de datos CSV...
2025-06-09 02:51:02,425 - INFO - Cargado clientes: 100 registros
2025-06-09 02:51:02,429 - INFO - Cargado productos: 100 registros
2025-06-09 02:51:02,434 - INFO - Cargado ventas: 100 registros
2025-06-09 02:51:02,434 - INFO - Cargando dimensiones al Data Warehouse...
2025-06-09 02:51:02,442 - INFO - Limpiando tablas existentes...
2025-06-09 02:51:02,460 - INFO - Cargando dimensión de fechas...
2025-06-09 02:51:02,460 - INFO - Generando dimensión de fechas...
2025-06-09 02:51:02,882 - INFO - Cargados 2192 registros en dim_fecha
2025-06-09 02:51:02,882 - INFO - Cargando dimensión de clientes...
2025-06-09 02:51:02,904 - INFO - Cargados 100 registros en dim_cliente
2025-06-09 02:51:02,904 - INFO - Cargando dimensión de productos...
2025-06-09 02:51:02,922 - INFO - Cargados 100 registros en dim_producto
2025-06-09 02:51:02,922 - INFO - Cargando tabla de hechos...
2025-06-09 02:51:02,967 - INFO - Cargados 100 registros en fact_ventas
2025-06-09 02:51:02,968 - INFO - === PROCESO ETL COMPLETADO EXITOSAMENTE ===
Mon Jun  9 02:51:03 UTC 2025: === PROCESO ETL COMPLETADO EXITOSAMENTE ===
Mon Jun  9 02:51:03 UTC 2025: Generando estadísticas del proceso...
Estadísticas del Data Warehouse:
- dim_fecha: 2192 registros
- dim_cliente: 100 registros
- dim_producto: 100 registros
- fact_ventas: 100 registros
Mon Jun  9 02:51:03 UTC 2025: === FIN DEL PROCESO ETL ===
