2025-06-09 01:35:03,271 - INFO - === INICIO DEL PROCESO ETL ===
2025-06-09 01:35:03,330 - INFO - Conexión a la base de datos establecida exitosamente
2025-06-09 01:35:03,331 - INFO - Iniciando creación del esquema de base de datos...
2025-06-09 01:35:03,382 - INFO - Esquema de base de datos creado exitosamente
2025-06-09 01:35:03,383 - INFO - Iniciando carga de datos CSV...
2025-06-09 01:35:03,408 - INFO - Cargado clientes: 100 registros
2025-06-09 01:35:03,416 - INFO - Cargado productos: 100 registros
2025-06-09 01:35:03,424 - INFO - Cargado ventas: 100 registros
2025-06-09 01:35:03,425 - INFO - Cargando dimensiones al Data Warehouse...
2025-06-09 01:35:03,426 - INFO - Cargando dimensión de fechas...
2025-06-09 01:35:03,427 - INFO - Generando dimensión de fechas...
2025-06-09 01:35:03,533 - ERROR - Error cargando dimensiones: (psycopg2.errors.DependentObjectsStillExist) cannot drop table dim_fecha because other objects depend on it
DETAIL:  constraint fk_fecha on table fact_ventas depends on table dim_fecha
HINT:  Use DROP ... CASCADE to drop the dependent objects too.

[SQL: 
DROP TABLE dim_fecha]
(Background on this error at: https://sqlalche.me/e/20/2j85)
2025-06-09 01:35:03,534 - ERROR - Error en el proceso ETL: (psycopg2.errors.DependentObjectsStillExist) cannot drop table dim_fecha because other objects depend on it
DETAIL:  constraint fk_fecha on table fact_ventas depends on table dim_fecha
HINT:  Use DROP ... CASCADE to drop the dependent objects too.

[SQL: 
DROP TABLE dim_fecha]
(Background on this error at: https://sqlalche.me/e/20/2j85)
2025-06-09 01:39:00,624 - INFO - === INICIO DEL PROCESO ETL ===
2025-06-09 01:39:00,684 - INFO - Conexión a la base de datos establecida exitosamente
2025-06-09 01:39:00,685 - INFO - Iniciando creación del esquema de base de datos...
2025-06-09 01:39:00,699 - INFO - Esquema de base de datos creado exitosamente
2025-06-09 01:39:00,700 - INFO - Iniciando carga de datos CSV...
2025-06-09 01:39:00,709 - INFO - Cargado clientes: 100 registros
2025-06-09 01:39:00,717 - INFO - Cargado productos: 100 registros
2025-06-09 01:39:00,723 - INFO - Cargado ventas: 100 registros
2025-06-09 01:39:00,724 - INFO - Cargando dimensiones al Data Warehouse...
2025-06-09 01:39:00,725 - INFO - Cargando dimensión de fechas...
2025-06-09 01:39:00,726 - INFO - Generando dimensión de fechas...
2025-06-09 01:39:00,824 - ERROR - Error cargando dimensiones: (psycopg2.errors.DependentObjectsStillExist) cannot drop table dim_fecha because other objects depend on it
DETAIL:  constraint fk_fecha on table fact_ventas depends on table dim_fecha
HINT:  Use DROP ... CASCADE to drop the dependent objects too.

[SQL: 
DROP TABLE dim_fecha]
(Background on this error at: https://sqlalche.me/e/20/2j85)
2025-06-09 01:39:00,825 - ERROR - Error en el proceso ETL: (psycopg2.errors.DependentObjectsStillExist) cannot drop table dim_fecha because other objects depend on it
DETAIL:  constraint fk_fecha on table fact_ventas depends on table dim_fecha
HINT:  Use DROP ... CASCADE to drop the dependent objects too.

[SQL: 
DROP TABLE dim_fecha]
(Background on this error at: https://sqlalche.me/e/20/2j85)
2025-06-09 01:42:29,019 - INFO - === INICIO DEL PROCESO ETL ===
2025-06-09 01:42:29,076 - INFO - Conexión a la base de datos establecida exitosamente
2025-06-09 01:42:29,076 - INFO - Iniciando creación del esquema de base de datos...
2025-06-09 01:42:29,092 - INFO - Esquema de base de datos creado exitosamente
2025-06-09 01:42:29,093 - INFO - Iniciando carga de datos CSV...
2025-06-09 01:42:29,102 - INFO - Cargado clientes: 100 registros
2025-06-09 01:42:29,108 - INFO - Cargado productos: 100 registros
2025-06-09 01:42:29,115 - INFO - Cargado ventas: 100 registros
2025-06-09 01:42:29,115 - INFO - Cargando dimensiones al Data Warehouse...
2025-06-09 01:42:29,117 - INFO - Cargando dimensión de fechas...
2025-06-09 01:42:29,117 - INFO - Generando dimensión de fechas...
2025-06-09 01:42:29,216 - ERROR - Error cargando dimensiones: (psycopg2.errors.DependentObjectsStillExist) cannot drop table dim_fecha because other objects depend on it
DETAIL:  constraint fk_fecha on table fact_ventas depends on table dim_fecha
HINT:  Use DROP ... CASCADE to drop the dependent objects too.

[SQL: 
DROP TABLE dim_fecha]
(Background on this error at: https://sqlalche.me/e/20/2j85)
2025-06-09 01:42:29,217 - ERROR - Error en el proceso ETL: (psycopg2.errors.DependentObjectsStillExist) cannot drop table dim_fecha because other objects depend on it
DETAIL:  constraint fk_fecha on table fact_ventas depends on table dim_fecha
HINT:  Use DROP ... CASCADE to drop the dependent objects too.

[SQL: 
DROP TABLE dim_fecha]
(Background on this error at: https://sqlalche.me/e/20/2j85)
2025-06-09 01:50:17,570 - INFO - === INICIO DEL PROCESO ETL ===
2025-06-09 01:50:17,630 - INFO - Conexión a la base de datos establecida exitosamente
2025-06-09 01:50:17,631 - INFO - Iniciando creación del esquema de base de datos...
2025-06-09 01:50:17,646 - INFO - Esquema de base de datos creado exitosamente
2025-06-09 01:50:17,647 - INFO - Iniciando carga de datos CSV...
2025-06-09 01:50:17,656 - INFO - Cargado clientes: 100 registros
2025-06-09 01:50:17,663 - INFO - Cargado productos: 100 registros
2025-06-09 01:50:17,671 - INFO - Cargado ventas: 100 registros
2025-06-09 01:50:17,672 - INFO - Cargando dimensiones al Data Warehouse...
2025-06-09 01:50:17,684 - INFO - Limpiando tablas existentes...
2025-06-09 01:50:17,690 - INFO - Cargando dimensión de fechas...
2025-06-09 01:50:17,691 - INFO - Generando dimensión de fechas...
2025-06-09 01:50:18,375 - INFO - Cargados 2192 registros en dim_fecha
2025-06-09 01:50:18,375 - INFO - Cargando dimensión de clientes...
2025-06-09 01:50:18,403 - INFO - Cargados 100 registros en dim_cliente
2025-06-09 01:50:18,404 - INFO - Cargando dimensión de productos...
2025-06-09 01:50:18,427 - INFO - Cargados 100 registros en dim_producto
2025-06-09 01:50:18,428 - INFO - Cargando tabla de hechos...
2025-06-09 01:50:18,482 - INFO - Cargados 100 registros en fact_ventas
2025-06-09 01:50:18,483 - INFO - === PROCESO ETL COMPLETADO EXITOSAMENTE ===
2025-06-09 02:03:32,059 - INFO - === INICIO DEL PROCESO ETL ===
2025-06-09 02:03:32,150 - INFO - Conexión a la base de datos establecida exitosamente
2025-06-09 02:03:32,151 - INFO - Iniciando creación del esquema de base de datos...
2025-06-09 02:03:32,171 - INFO - Esquema de base de datos creado exitosamente
2025-06-09 02:03:32,172 - INFO - Iniciando carga de datos CSV...
2025-06-09 02:03:32,180 - INFO - Cargado clientes: 100 registros
2025-06-09 02:03:32,188 - INFO - Cargado productos: 100 registros
2025-06-09 02:03:32,195 - INFO - Cargado ventas: 100 registros
2025-06-09 02:03:32,196 - INFO - Cargando dimensiones al Data Warehouse...
2025-06-09 02:03:32,206 - INFO - Limpiando tablas existentes...
2025-06-09 02:03:32,237 - INFO - Cargando dimensión de fechas...
2025-06-09 02:03:32,238 - INFO - Generando dimensión de fechas...
2025-06-09 02:03:33,095 - INFO - Cargados 2192 registros en dim_fecha
2025-06-09 02:03:33,096 - INFO - Cargando dimensión de clientes...
2025-06-09 02:03:33,136 - INFO - Cargados 100 registros en dim_cliente
2025-06-09 02:03:33,137 - INFO - Cargando dimensión de productos...
2025-06-09 02:03:33,165 - INFO - Cargados 100 registros en dim_producto
2025-06-09 02:03:33,166 - INFO - Cargando tabla de hechos...
2025-06-09 02:03:33,228 - INFO - Cargados 100 registros en fact_ventas
2025-06-09 02:03:33,229 - INFO - === PROCESO ETL COMPLETADO EXITOSAMENTE ===
2025-06-09 02:16:55,111 - INFO - === INICIO DEL PROCESO ETL ===
2025-06-09 02:16:55,174 - INFO - Conexión a la base de datos establecida exitosamente
2025-06-09 02:16:55,175 - INFO - Iniciando creación del esquema de base de datos...
2025-06-09 02:16:55,275 - INFO - Esquema de base de datos creado exitosamente
2025-06-09 02:16:55,276 - INFO - Iniciando carga de datos CSV...
2025-06-09 02:16:55,285 - INFO - Cargado clientes: 100 registros
2025-06-09 02:16:55,292 - INFO - Cargado productos: 100 registros
2025-06-09 02:16:55,300 - INFO - Cargado ventas: 100 registros
2025-06-09 02:16:55,300 - INFO - Cargando dimensiones al Data Warehouse...
2025-06-09 02:16:55,313 - INFO - Limpiando tablas existentes...
2025-06-09 02:16:55,318 - INFO - Cargando dimensión de fechas...
2025-06-09 02:16:55,319 - INFO - Generando dimensión de fechas...
2025-06-09 02:16:55,953 - INFO - Cargados 2192 registros en dim_fecha
2025-06-09 02:16:55,954 - INFO - Cargando dimensión de clientes...
2025-06-09 02:16:55,979 - INFO - Cargados 100 registros en dim_cliente
2025-06-09 02:16:55,980 - INFO - Cargando dimensión de productos...
2025-06-09 02:16:56,003 - INFO - Cargados 100 registros en dim_producto
2025-06-09 02:16:56,004 - INFO - Cargando tabla de hechos...
2025-06-09 02:16:56,058 - INFO - Cargados 100 registros en fact_ventas
2025-06-09 02:16:56,059 - INFO - === PROCESO ETL COMPLETADO EXITOSAMENTE ===
2025-06-09 02:20:04,146 - INFO - === INICIO DEL PROCESO ETL ===
2025-06-09 02:20:04,297 - INFO - Conexión a la base de datos establecida exitosamente
2025-06-09 02:20:04,298 - INFO - Iniciando creación del esquema de base de datos...
2025-06-09 02:20:04,329 - INFO - Esquema de base de datos creado exitosamente
2025-06-09 02:20:04,331 - INFO - Iniciando carga de datos CSV...
2025-06-09 02:20:04,345 - INFO - Cargado clientes: 100 registros
2025-06-09 02:20:04,358 - INFO - Cargado productos: 100 registros
2025-06-09 02:20:04,371 - INFO - Cargado ventas: 100 registros
2025-06-09 02:20:04,372 - INFO - Cargando dimensiones al Data Warehouse...
2025-06-09 02:20:04,394 - INFO - Limpiando tablas existentes...
2025-06-09 02:20:04,448 - INFO - Cargando dimensión de fechas...
2025-06-09 02:20:04,449 - INFO - Generando dimensión de fechas...
2025-06-09 02:20:05,515 - INFO - Cargados 2192 registros en dim_fecha
2025-06-09 02:20:05,517 - INFO - Cargando dimensión de clientes...
2025-06-09 02:20:05,569 - INFO - Cargados 100 registros en dim_cliente
2025-06-09 02:20:05,571 - INFO - Cargando dimensión de productos...
2025-06-09 02:20:05,620 - INFO - Cargados 100 registros en dim_producto
2025-06-09 02:20:05,622 - INFO - Cargando tabla de hechos...
2025-06-09 02:20:05,731 - INFO - Cargados 100 registros en fact_ventas
2025-06-09 02:20:05,732 - INFO - === PROCESO ETL COMPLETADO EXITOSAMENTE ===
2025-06-09 02:39:02,350 - INFO - === INICIO DEL PROCESO ETL ===
2025-06-09 02:39:02,399 - INFO - Conexión a la base de datos establecida exitosamente
2025-06-09 02:39:02,400 - INFO - Iniciando creación del esquema de base de datos...
2025-06-09 02:39:02,434 - INFO - Esquema de base de datos creado exitosamente
2025-06-09 02:39:02,435 - INFO - Iniciando carga de datos CSV...
2025-06-09 02:39:02,442 - INFO - Cargado clientes: 100 registros
2025-06-09 02:39:02,446 - INFO - Cargado productos: 100 registros
2025-06-09 02:39:02,450 - INFO - Cargado ventas: 100 registros
2025-06-09 02:39:02,450 - INFO - Cargando dimensiones al Data Warehouse...
2025-06-09 02:39:02,459 - INFO - Limpiando tablas existentes...
2025-06-09 02:39:02,461 - INFO - Cargando dimensión de fechas...
2025-06-09 02:39:02,461 - INFO - Generando dimensión de fechas...
2025-06-09 02:39:03,220 - INFO - Cargados 2192 registros en dim_fecha
2025-06-09 02:39:03,221 - INFO - Cargando dimensión de clientes...
2025-06-09 02:39:03,244 - INFO - Cargados 100 registros en dim_cliente
2025-06-09 02:39:03,245 - INFO - Cargando dimensión de productos...
2025-06-09 02:39:03,264 - INFO - Cargados 100 registros en dim_producto
2025-06-09 02:39:03,264 - INFO - Cargando tabla de hechos...
2025-06-09 02:39:03,318 - INFO - Cargados 100 registros en fact_ventas
2025-06-09 02:39:03,318 - INFO - === PROCESO ETL COMPLETADO EXITOSAMENTE ===
2025-06-09 02:40:02,785 - INFO - === INICIO DEL PROCESO ETL ===
2025-06-09 02:40:02,830 - INFO - Conexión a la base de datos establecida exitosamente
2025-06-09 02:40:02,830 - INFO - Iniciando creación del esquema de base de datos...
2025-06-09 02:40:02,840 - INFO - Esquema de base de datos creado exitosamente
2025-06-09 02:40:02,841 - INFO - Iniciando carga de datos CSV...
2025-06-09 02:40:02,847 - INFO - Cargado clientes: 100 registros
2025-06-09 02:40:02,851 - INFO - Cargado productos: 100 registros
2025-06-09 02:40:02,855 - INFO - Cargado ventas: 100 registros
2025-06-09 02:40:02,855 - INFO - Cargando dimensiones al Data Warehouse...
2025-06-09 02:40:02,863 - INFO - Limpiando tablas existentes...
2025-06-09 02:40:02,881 - INFO - Cargando dimensión de fechas...
2025-06-09 02:40:02,881 - INFO - Generando dimensión de fechas...
2025-06-09 02:40:03,303 - INFO - Cargados 2192 registros en dim_fecha
2025-06-09 02:40:03,303 - INFO - Cargando dimensión de clientes...
2025-06-09 02:40:03,323 - INFO - Cargados 100 registros en dim_cliente
2025-06-09 02:40:03,324 - INFO - Cargando dimensión de productos...
2025-06-09 02:40:03,341 - INFO - Cargados 100 registros en dim_producto
2025-06-09 02:40:03,342 - INFO - Cargando tabla de hechos...
2025-06-09 02:40:03,383 - INFO - Cargados 100 registros en fact_ventas
2025-06-09 02:40:03,384 - INFO - === PROCESO ETL COMPLETADO EXITOSAMENTE ===
2025-06-09 02:41:53,955 - INFO - === INICIO DEL PROCESO ETL ===
2025-06-09 02:41:54,002 - INFO - Conexión a la base de datos establecida exitosamente
2025-06-09 02:41:54,002 - INFO - Iniciando creación del esquema de base de datos...
2025-06-09 02:41:54,013 - INFO - Esquema de base de datos creado exitosamente
2025-06-09 02:41:54,013 - INFO - Iniciando carga de datos CSV...
2025-06-09 02:41:54,021 - INFO - Cargado clientes: 100 registros
2025-06-09 02:41:54,025 - INFO - Cargado productos: 100 registros
2025-06-09 02:41:54,030 - INFO - Cargado ventas: 100 registros
2025-06-09 02:41:54,030 - INFO - Cargando dimensiones al Data Warehouse...
2025-06-09 02:41:54,039 - INFO - Limpiando tablas existentes...
2025-06-09 02:41:54,057 - INFO - Cargando dimensión de fechas...
2025-06-09 02:41:54,058 - INFO - Generando dimensión de fechas...
2025-06-09 02:41:54,459 - INFO - Cargados 2192 registros en dim_fecha
2025-06-09 02:41:54,459 - INFO - Cargando dimensión de clientes...
2025-06-09 02:41:54,480 - INFO - Cargados 100 registros en dim_cliente
2025-06-09 02:41:54,481 - INFO - Cargando dimensión de productos...
2025-06-09 02:41:54,498 - INFO - Cargados 100 registros en dim_producto
2025-06-09 02:41:54,499 - INFO - Cargando tabla de hechos...
2025-06-09 02:41:54,543 - INFO - Cargados 100 registros en fact_ventas
2025-06-09 02:41:54,544 - INFO - === PROCESO ETL COMPLETADO EXITOSAMENTE ===
2025-06-09 02:44:43,566 - INFO - === INICIO DEL PROCESO ETL ===
2025-06-09 02:44:43,616 - INFO - Conexión a la base de datos establecida exitosamente
2025-06-09 02:44:43,617 - INFO - Iniciando creación del esquema de base de datos...
2025-06-09 02:44:43,628 - INFO - Esquema de base de datos creado exitosamente
2025-06-09 02:44:43,629 - INFO - Iniciando carga de datos CSV...
2025-06-09 02:44:43,636 - INFO - Cargado clientes: 100 registros
2025-06-09 02:44:43,641 - INFO - Cargado productos: 100 registros
2025-06-09 02:44:43,646 - INFO - Cargado ventas: 100 registros
2025-06-09 02:44:43,646 - INFO - Cargando dimensiones al Data Warehouse...
2025-06-09 02:44:43,655 - INFO - Limpiando tablas existentes...
2025-06-09 02:44:43,673 - INFO - Cargando dimensión de fechas...
2025-06-09 02:44:43,674 - INFO - Generando dimensión de fechas...
2025-06-09 02:44:44,104 - INFO - Cargados 2192 registros en dim_fecha
2025-06-09 02:44:44,104 - INFO - Cargando dimensión de clientes...
2025-06-09 02:44:44,127 - INFO - Cargados 100 registros en dim_cliente
2025-06-09 02:44:44,128 - INFO - Cargando dimensión de productos...
2025-06-09 02:44:44,145 - INFO - Cargados 100 registros en dim_producto
2025-06-09 02:44:44,146 - INFO - Cargando tabla de hechos...
2025-06-09 02:44:44,189 - INFO - Cargados 100 registros en fact_ventas
2025-06-09 02:44:44,190 - INFO - === PROCESO ETL COMPLETADO EXITOSAMENTE ===
2025-06-09 02:50:03,113 - INFO - === INICIO DEL PROCESO ETL ===
2025-06-09 02:50:03,165 - INFO - Conexión a la base de datos establecida exitosamente
2025-06-09 02:50:03,165 - INFO - Iniciando creación del esquema de base de datos...
2025-06-09 02:50:03,178 - INFO - Esquema de base de datos creado exitosamente
2025-06-09 02:50:03,179 - INFO - Iniciando carga de datos CSV...
2025-06-09 02:50:03,187 - INFO - Cargado clientes: 100 registros
2025-06-09 02:50:03,192 - INFO - Cargado productos: 100 registros
2025-06-09 02:50:03,197 - INFO - Cargado ventas: 100 registros
2025-06-09 02:50:03,197 - INFO - Cargando dimensiones al Data Warehouse...
2025-06-09 02:50:03,206 - INFO - Limpiando tablas existentes...
2025-06-09 02:50:03,225 - INFO - Cargando dimensión de fechas...
2025-06-09 02:50:03,226 - INFO - Generando dimensión de fechas...
2025-06-09 02:50:03,677 - INFO - Cargados 2192 registros en dim_fecha
2025-06-09 02:50:03,678 - INFO - Cargando dimensión de clientes...
2025-06-09 02:50:03,707 - INFO - Cargados 100 registros en dim_cliente
2025-06-09 02:50:03,707 - INFO - Cargando dimensión de productos...
2025-06-09 02:50:03,728 - INFO - Cargados 100 registros en dim_producto
2025-06-09 02:50:03,728 - INFO - Cargando tabla de hechos...
2025-06-09 02:50:03,776 - INFO - Cargados 100 registros en fact_ventas
2025-06-09 02:50:03,776 - INFO - === PROCESO ETL COMPLETADO EXITOSAMENTE ===
2025-06-09 02:51:02,357 - INFO - === INICIO DEL PROCESO ETL ===
2025-06-09 02:51:02,405 - INFO - Conexión a la base de datos establecida exitosamente
2025-06-09 02:51:02,405 - INFO - Iniciando creación del esquema de base de datos...
2025-06-09 02:51:02,417 - INFO - Esquema de base de datos creado exitosamente
2025-06-09 02:51:02,417 - INFO - Iniciando carga de datos CSV...
2025-06-09 02:51:02,425 - INFO - Cargado clientes: 100 registros
2025-06-09 02:51:02,429 - INFO - Cargado productos: 100 registros
2025-06-09 02:51:02,434 - INFO - Cargado ventas: 100 registros
2025-06-09 02:51:02,434 - INFO - Cargando dimensiones al Data Warehouse...
2025-06-09 02:51:02,442 - INFO - Limpiando tablas existentes...
2025-06-09 02:51:02,460 - INFO - Cargando dimensión de fechas...
2025-06-09 02:51:02,460 - INFO - Generando dimensión de fechas...
2025-06-09 02:51:02,882 - INFO - Cargados 2192 registros en dim_fecha
2025-06-09 02:51:02,882 - INFO - Cargando dimensión de clientes...
2025-06-09 02:51:02,904 - INFO - Cargados 100 registros en dim_cliente
2025-06-09 02:51:02,904 - INFO - Cargando dimensión de productos...
2025-06-09 02:51:02,922 - INFO - Cargados 100 registros en dim_producto
2025-06-09 02:51:02,922 - INFO - Cargando tabla de hechos...
2025-06-09 02:51:02,967 - INFO - Cargados 100 registros en fact_ventas
2025-06-09 02:51:02,968 - INFO - === PROCESO ETL COMPLETADO EXITOSAMENTE ===
2025-06-09 03:00:02,438 - INFO - === INICIO DEL PROCESO ETL ===
2025-06-09 03:00:02,484 - INFO - Conexión a la base de datos establecida exitosamente
2025-06-09 03:00:02,485 - INFO - Iniciando creación del esquema de base de datos...
2025-06-09 03:00:02,495 - INFO - Esquema de base de datos creado exitosamente
2025-06-09 03:00:02,495 - INFO - Iniciando carga de datos CSV...
2025-06-09 03:00:02,502 - INFO - Cargado clientes: 100 registros
2025-06-09 03:00:02,505 - INFO - Cargado productos: 100 registros
2025-06-09 03:00:02,509 - INFO - Cargado ventas: 100 registros
2025-06-09 03:00:02,509 - INFO - Cargando dimensiones al Data Warehouse...
2025-06-09 03:00:02,517 - INFO - Limpiando tablas existentes...
2025-06-09 03:00:02,535 - INFO - Cargando dimensión de fechas...
2025-06-09 03:00:02,536 - INFO - Generando dimensión de fechas...
2025-06-09 03:00:02,938 - INFO - Cargados 2192 registros en dim_fecha
2025-06-09 03:00:02,938 - INFO - Cargando dimensión de clientes...
2025-06-09 03:00:02,960 - INFO - Cargados 100 registros en dim_cliente
2025-06-09 03:00:02,960 - INFO - Cargando dimensión de productos...
2025-06-09 03:00:02,977 - INFO - Cargados 100 registros en dim_producto
2025-06-09 03:00:02,977 - INFO - Cargando tabla de hechos...
2025-06-09 03:00:03,019 - INFO - Cargados 100 registros en fact_ventas
2025-06-09 03:00:03,020 - INFO - === PROCESO ETL COMPLETADO EXITOSAMENTE ===
2025-06-09 03:10:02,646 - INFO - === INICIO DEL PROCESO ETL ===
2025-06-09 03:10:02,694 - INFO - Conexión a la base de datos establecida exitosamente
2025-06-09 03:10:02,694 - INFO - Iniciando creación del esquema de base de datos...
2025-06-09 03:10:02,705 - INFO - Esquema de base de datos creado exitosamente
2025-06-09 03:10:02,705 - INFO - Iniciando carga de datos CSV...
2025-06-09 03:10:02,712 - INFO - Cargado clientes: 100 registros
2025-06-09 03:10:02,717 - INFO - Cargado productos: 100 registros
2025-06-09 03:10:02,721 - INFO - Cargado ventas: 100 registros
2025-06-09 03:10:02,722 - INFO - Cargando dimensiones al Data Warehouse...
2025-06-09 03:10:02,730 - INFO - Limpiando tablas existentes...
2025-06-09 03:10:02,749 - INFO - Cargando dimensión de fechas...
2025-06-09 03:10:02,749 - INFO - Generando dimensión de fechas...
2025-06-09 03:10:03,167 - INFO - Cargados 2192 registros en dim_fecha
2025-06-09 03:10:03,168 - INFO - Cargando dimensión de clientes...
2025-06-09 03:10:03,190 - INFO - Cargados 100 registros en dim_cliente
2025-06-09 03:10:03,191 - INFO - Cargando dimensión de productos...
2025-06-09 03:10:03,208 - INFO - Cargados 100 registros en dim_producto
2025-06-09 03:10:03,208 - INFO - Cargando tabla de hechos...
2025-06-09 03:10:03,252 - INFO - Cargados 100 registros en fact_ventas
2025-06-09 03:10:03,253 - INFO - === PROCESO ETL COMPLETADO EXITOSAMENTE ===
2025-06-09 03:20:03,108 - INFO - === INICIO DEL PROCESO ETL ===
2025-06-09 03:20:03,161 - INFO - Conexión a la base de datos establecida exitosamente
2025-06-09 03:20:03,162 - INFO - Iniciando creación del esquema de base de datos...
2025-06-09 03:20:03,175 - INFO - Esquema de base de datos creado exitosamente
2025-06-09 03:20:03,176 - INFO - Iniciando carga de datos CSV...
2025-06-09 03:20:03,184 - INFO - Cargado clientes: 100 registros
2025-06-09 03:20:03,189 - INFO - Cargado productos: 100 registros
2025-06-09 03:20:03,194 - INFO - Cargado ventas: 100 registros
2025-06-09 03:20:03,195 - INFO - Cargando dimensiones al Data Warehouse...
2025-06-09 03:20:03,205 - INFO - Limpiando tablas existentes...
2025-06-09 03:20:03,229 - INFO - Cargando dimensión de fechas...
2025-06-09 03:20:03,229 - INFO - Generando dimensión de fechas...
2025-06-09 03:20:03,665 - INFO - Cargados 2192 registros en dim_fecha
2025-06-09 03:20:03,666 - INFO - Cargando dimensión de clientes...
2025-06-09 03:20:03,688 - INFO - Cargados 100 registros en dim_cliente
2025-06-09 03:20:03,689 - INFO - Cargando dimensión de productos...
2025-06-09 03:20:03,707 - INFO - Cargados 100 registros en dim_producto
2025-06-09 03:20:03,708 - INFO - Cargando tabla de hechos...
2025-06-09 03:20:03,754 - INFO - Cargados 100 registros en fact_ventas
2025-06-09 03:20:03,755 - INFO - === PROCESO ETL COMPLETADO EXITOSAMENTE ===
2025-06-09 03:30:02,423 - INFO - === INICIO DEL PROCESO ETL ===
2025-06-09 03:30:02,469 - INFO - Conexión a la base de datos establecida exitosamente
2025-06-09 03:30:02,469 - INFO - Iniciando creación del esquema de base de datos...
2025-06-09 03:30:02,482 - INFO - Esquema de base de datos creado exitosamente
2025-06-09 03:30:02,482 - INFO - Iniciando carga de datos CSV...
2025-06-09 03:30:02,490 - INFO - Cargado clientes: 100 registros
2025-06-09 03:30:02,494 - INFO - Cargado productos: 100 registros
2025-06-09 03:30:02,499 - INFO - Cargado ventas: 100 registros
2025-06-09 03:30:02,499 - INFO - Cargando dimensiones al Data Warehouse...
2025-06-09 03:30:02,509 - INFO - Limpiando tablas existentes...
2025-06-09 03:30:02,530 - INFO - Cargando dimensión de fechas...
2025-06-09 03:30:02,531 - INFO - Generando dimensión de fechas...
2025-06-09 03:30:03,006 - INFO - Cargados 2192 registros en dim_fecha
2025-06-09 03:30:03,007 - INFO - Cargando dimensión de clientes...
2025-06-09 03:30:03,029 - INFO - Cargados 100 registros en dim_cliente
2025-06-09 03:30:03,030 - INFO - Cargando dimensión de productos...
2025-06-09 03:30:03,048 - INFO - Cargados 100 registros en dim_producto
2025-06-09 03:30:03,048 - INFO - Cargando tabla de hechos...
2025-06-09 03:30:03,095 - INFO - Cargados 100 registros en fact_ventas
2025-06-09 03:30:03,096 - INFO - === PROCESO ETL COMPLETADO EXITOSAMENTE ===
2025-06-09 03:40:02,989 - INFO - === INICIO DEL PROCESO ETL ===
2025-06-09 03:40:03,045 - INFO - Conexión a la base de datos establecida exitosamente
2025-06-09 03:40:03,046 - INFO - Iniciando creación del esquema de base de datos...
2025-06-09 03:40:03,059 - INFO - Esquema de base de datos creado exitosamente
2025-06-09 03:40:03,060 - INFO - Iniciando carga de datos CSV...
2025-06-09 03:40:03,068 - INFO - Cargado clientes: 100 registros
2025-06-09 03:40:03,074 - INFO - Cargado productos: 100 registros
2025-06-09 03:40:03,078 - INFO - Cargado ventas: 100 registros
2025-06-09 03:40:03,078 - INFO - Cargando dimensiones al Data Warehouse...
2025-06-09 03:40:03,088 - INFO - Limpiando tablas existentes...
2025-06-09 03:40:03,115 - INFO - Cargando dimensión de fechas...
2025-06-09 03:40:03,116 - INFO - Generando dimensión de fechas...
2025-06-09 03:40:03,740 - INFO - Cargados 2192 registros en dim_fecha
2025-06-09 03:40:03,741 - INFO - Cargando dimensión de clientes...
2025-06-09 03:40:03,769 - INFO - Cargados 100 registros en dim_cliente
2025-06-09 03:40:03,770 - INFO - Cargando dimensión de productos...
2025-06-09 03:40:03,793 - INFO - Cargados 100 registros en dim_producto
2025-06-09 03:40:03,793 - INFO - Cargando tabla de hechos...
2025-06-09 03:40:03,848 - INFO - Cargados 100 registros en fact_ventas
2025-06-09 03:40:03,849 - INFO - === PROCESO ETL COMPLETADO EXITOSAMENTE ===
2025-06-09 03:50:02,564 - INFO - === INICIO DEL PROCESO ETL ===
2025-06-09 03:50:02,610 - INFO - Conexión a la base de datos establecida exitosamente
2025-06-09 03:50:02,610 - INFO - Iniciando creación del esquema de base de datos...
2025-06-09 03:50:02,621 - INFO - Esquema de base de datos creado exitosamente
2025-06-09 03:50:02,622 - INFO - Iniciando carga de datos CSV...
2025-06-09 03:50:02,629 - INFO - Cargado clientes: 100 registros
2025-06-09 03:50:02,633 - INFO - Cargado productos: 100 registros
2025-06-09 03:50:02,637 - INFO - Cargado ventas: 100 registros
2025-06-09 03:50:02,638 - INFO - Cargando dimensiones al Data Warehouse...
2025-06-09 03:50:02,648 - INFO - Limpiando tablas existentes...
2025-06-09 03:50:02,668 - INFO - Cargando dimensión de fechas...
2025-06-09 03:50:02,668 - INFO - Generando dimensión de fechas...
2025-06-09 03:50:03,090 - INFO - Cargados 2192 registros en dim_fecha
2025-06-09 03:50:03,090 - INFO - Cargando dimensión de clientes...
2025-06-09 03:50:03,115 - INFO - Cargados 100 registros en dim_cliente
2025-06-09 03:50:03,116 - INFO - Cargando dimensión de productos...
2025-06-09 03:50:03,135 - INFO - Cargados 100 registros en dim_producto
2025-06-09 03:50:03,135 - INFO - Cargando tabla de hechos...
2025-06-09 03:50:03,183 - INFO - Cargados 100 registros en fact_ventas
2025-06-09 03:50:03,184 - INFO - === PROCESO ETL COMPLETADO EXITOSAMENTE ===
2025-06-09 04:00:02,965 - INFO - === INICIO DEL PROCESO ETL ===
2025-06-09 04:00:03,018 - INFO - Conexión a la base de datos establecida exitosamente
2025-06-09 04:00:03,019 - INFO - Iniciando creación del esquema de base de datos...
2025-06-09 04:00:03,033 - INFO - Esquema de base de datos creado exitosamente
2025-06-09 04:00:03,034 - INFO - Iniciando carga de datos CSV...
2025-06-09 04:00:03,041 - INFO - Cargado clientes: 100 registros
2025-06-09 04:00:03,047 - INFO - Cargado productos: 100 registros
2025-06-09 04:00:03,052 - INFO - Cargado ventas: 100 registros
2025-06-09 04:00:03,053 - INFO - Cargando dimensiones al Data Warehouse...
2025-06-09 04:00:03,062 - INFO - Limpiando tablas existentes...
2025-06-09 04:00:03,087 - INFO - Cargando dimensión de fechas...
2025-06-09 04:00:03,087 - INFO - Generando dimensión de fechas...
2025-06-09 04:00:03,579 - INFO - Cargados 2192 registros en dim_fecha
2025-06-09 04:00:03,580 - INFO - Cargando dimensión de clientes...
2025-06-09 04:00:03,605 - INFO - Cargados 100 registros en dim_cliente
2025-06-09 04:00:03,606 - INFO - Cargando dimensión de productos...
2025-06-09 04:00:03,628 - INFO - Cargados 100 registros en dim_producto
2025-06-09 04:00:03,629 - INFO - Cargando tabla de hechos...
2025-06-09 04:00:03,696 - INFO - Cargados 100 registros en fact_ventas
2025-06-09 04:00:03,697 - INFO - === PROCESO ETL COMPLETADO EXITOSAMENTE ===
2025-06-09 04:10:02,855 - INFO - === INICIO DEL PROCESO ETL ===
2025-06-09 04:10:02,913 - INFO - Conexión a la base de datos establecida exitosamente
2025-06-09 04:10:02,914 - INFO - Iniciando creación del esquema de base de datos...
2025-06-09 04:10:02,928 - INFO - Esquema de base de datos creado exitosamente
2025-06-09 04:10:02,929 - INFO - Iniciando carga de datos CSV...
2025-06-09 04:10:02,937 - INFO - Cargado clientes: 100 registros
2025-06-09 04:10:02,941 - INFO - Cargado productos: 100 registros
2025-06-09 04:10:02,946 - INFO - Cargado ventas: 100 registros
2025-06-09 04:10:02,946 - INFO - Cargando dimensiones al Data Warehouse...
2025-06-09 04:10:02,955 - INFO - Limpiando tablas existentes...
2025-06-09 04:10:02,978 - INFO - Cargando dimensión de fechas...
2025-06-09 04:10:02,979 - INFO - Generando dimensión de fechas...
2025-06-09 04:10:03,431 - INFO - Cargados 2192 registros en dim_fecha
2025-06-09 04:10:03,432 - INFO - Cargando dimensión de clientes...
2025-06-09 04:10:03,454 - INFO - Cargados 100 registros en dim_cliente
2025-06-09 04:10:03,455 - INFO - Cargando dimensión de productos...
2025-06-09 04:10:03,475 - INFO - Cargados 100 registros en dim_producto
2025-06-09 04:10:03,477 - INFO - Cargando tabla de hechos...
2025-06-09 04:10:03,538 - INFO - Cargados 100 registros en fact_ventas
2025-06-09 04:10:03,539 - INFO - === PROCESO ETL COMPLETADO EXITOSAMENTE ===
2025-06-09 04:15:46,369 - INFO - === INICIO DEL PROCESO ETL ===
2025-06-09 04:15:46,420 - INFO - Conexión a la base de datos establecida exitosamente
2025-06-09 04:15:46,421 - INFO - Iniciando creación del esquema de base de datos...
2025-06-09 04:15:46,432 - INFO - Esquema de base de datos creado exitosamente
2025-06-09 04:15:46,433 - INFO - Iniciando carga de datos CSV...
2025-06-09 04:15:46,441 - INFO - Cargado clientes: 100 registros
2025-06-09 04:15:46,446 - INFO - Cargado productos: 100 registros
2025-06-09 04:15:46,451 - INFO - Cargado ventas: 100 registros
2025-06-09 04:15:46,451 - INFO - Cargando dimensiones al Data Warehouse...
2025-06-09 04:15:46,463 - INFO - Limpiando tablas existentes...
2025-06-09 04:15:46,489 - INFO - Cargando dimensión de fechas...
2025-06-09 04:15:46,489 - INFO - Generando dimensión de fechas...
2025-06-09 04:15:46,940 - INFO - Cargados 2192 registros en dim_fecha
2025-06-09 04:15:46,940 - INFO - Cargando dimensión de clientes...
2025-06-09 04:15:46,964 - INFO - Cargados 100 registros en dim_cliente
2025-06-09 04:15:46,965 - INFO - Cargando dimensión de productos...
2025-06-09 04:15:46,983 - INFO - Cargados 100 registros en dim_producto
2025-06-09 04:15:46,983 - INFO - Cargando tabla de hechos...
2025-06-09 04:15:47,032 - INFO - Cargados 100 registros en fact_ventas
2025-06-09 04:15:47,033 - INFO - === PROCESO ETL COMPLETADO EXITOSAMENTE ===
2025-06-09 04:20:02,697 - INFO - === INICIO DEL PROCESO ETL ===
2025-06-09 04:20:02,762 - INFO - Conexión a la base de datos establecida exitosamente
2025-06-09 04:20:02,763 - INFO - Iniciando creación del esquema de base de datos...
2025-06-09 04:20:02,780 - INFO - Esquema de base de datos creado exitosamente
2025-06-09 04:20:02,781 - INFO - Iniciando carga de datos CSV...
2025-06-09 04:20:02,790 - INFO - Cargado clientes: 100 registros
2025-06-09 04:20:02,796 - INFO - Cargado productos: 100 registros
2025-06-09 04:20:02,801 - INFO - Cargado ventas: 100 registros
2025-06-09 04:20:02,801 - INFO - Cargando dimensiones al Data Warehouse...
2025-06-09 04:20:02,812 - INFO - Limpiando tablas existentes...
2025-06-09 04:20:02,833 - INFO - Cargando dimensión de fechas...
2025-06-09 04:20:02,834 - INFO - Generando dimensión de fechas...
2025-06-09 04:20:03,288 - INFO - Cargados 2192 registros en dim_fecha
2025-06-09 04:20:03,289 - INFO - Cargando dimensión de clientes...
2025-06-09 04:20:03,315 - INFO - Cargados 100 registros en dim_cliente
2025-06-09 04:20:03,315 - INFO - Cargando dimensión de productos...
2025-06-09 04:20:03,333 - INFO - Cargados 100 registros en dim_producto
2025-06-09 04:20:03,334 - INFO - Cargando tabla de hechos...
2025-06-09 04:20:03,383 - INFO - Cargados 100 registros en fact_ventas
2025-06-09 04:20:03,384 - INFO - === PROCESO ETL COMPLETADO EXITOSAMENTE ===
2025-06-09 04:30:03,216 - INFO - === INICIO DEL PROCESO ETL ===
2025-06-09 04:30:03,284 - INFO - Conexión a la base de datos establecida exitosamente
2025-06-09 04:30:03,285 - INFO - Iniciando creación del esquema de base de datos...
2025-06-09 04:30:03,302 - INFO - Esquema de base de datos creado exitosamente
2025-06-09 04:30:03,303 - INFO - Iniciando carga de datos CSV...
2025-06-09 04:30:03,326 - INFO - Cargado clientes: 100 registros
2025-06-09 04:30:03,332 - INFO - Cargado productos: 100 registros
2025-06-09 04:30:03,338 - INFO - Cargado ventas: 100 registros
2025-06-09 04:30:03,339 - INFO - Cargando dimensiones al Data Warehouse...
2025-06-09 04:30:03,350 - INFO - Limpiando tablas existentes...
2025-06-09 04:30:03,374 - INFO - Cargando dimensión de fechas...
2025-06-09 04:30:03,375 - INFO - Generando dimensión de fechas...
2025-06-09 04:30:03,917 - INFO - Cargados 2192 registros en dim_fecha
2025-06-09 04:30:03,918 - INFO - Cargando dimensión de clientes...
2025-06-09 04:30:03,964 - INFO - Cargados 100 registros en dim_cliente
2025-06-09 04:30:03,965 - INFO - Cargando dimensión de productos...
2025-06-09 04:30:03,990 - INFO - Cargados 100 registros en dim_producto
2025-06-09 04:30:03,991 - INFO - Cargando tabla de hechos...
2025-06-09 04:30:04,065 - INFO - Cargados 100 registros en fact_ventas
2025-06-09 04:30:04,066 - INFO - === PROCESO ETL COMPLETADO EXITOSAMENTE ===
2025-06-09 04:40:02,929 - INFO - === INICIO DEL PROCESO ETL ===
2025-06-09 04:40:02,976 - INFO - Conexión a la base de datos establecida exitosamente
2025-06-09 04:40:02,976 - INFO - Iniciando creación del esquema de base de datos...
2025-06-09 04:40:02,987 - INFO - Esquema de base de datos creado exitosamente
2025-06-09 04:40:02,987 - INFO - Iniciando carga de datos CSV...
2025-06-09 04:40:02,995 - INFO - Cargado clientes: 100 registros
2025-06-09 04:40:02,999 - INFO - Cargado productos: 100 registros
2025-06-09 04:40:03,004 - INFO - Cargado ventas: 100 registros
2025-06-09 04:40:03,004 - INFO - Cargando dimensiones al Data Warehouse...
2025-06-09 04:40:03,014 - INFO - Limpiando tablas existentes...
2025-06-09 04:40:03,040 - INFO - Cargando dimensión de fechas...
2025-06-09 04:40:03,041 - INFO - Generando dimensión de fechas...
2025-06-09 04:40:03,466 - INFO - Cargados 2192 registros en dim_fecha
2025-06-09 04:40:03,467 - INFO - Cargando dimensión de clientes...
2025-06-09 04:40:03,489 - INFO - Cargados 100 registros en dim_cliente
2025-06-09 04:40:03,489 - INFO - Cargando dimensión de productos...
2025-06-09 04:40:03,507 - INFO - Cargados 100 registros en dim_producto
2025-06-09 04:40:03,508 - INFO - Cargando tabla de hechos...
2025-06-09 04:40:03,553 - INFO - Cargados 100 registros en fact_ventas
2025-06-09 04:40:03,554 - INFO - === PROCESO ETL COMPLETADO EXITOSAMENTE ===
2025-06-09 21:58:58,829 - INFO - === INICIO DEL PROCESO ETL ===
2025-06-09 21:58:58,892 - INFO - Conexión a la base de datos establecida exitosamente
2025-06-09 21:58:58,892 - INFO - Iniciando creación del esquema de base de datos...
2025-06-09 21:58:58,931 - INFO - Esquema de base de datos creado exitosamente
2025-06-09 21:58:58,931 - INFO - Iniciando carga de datos CSV...
2025-06-09 21:58:58,938 - INFO - Cargado clientes: 100 registros
2025-06-09 21:58:58,943 - INFO - Cargado productos: 100 registros
2025-06-09 21:58:58,949 - INFO - Cargado ventas: 100 registros
2025-06-09 21:58:58,949 - INFO - Cargando dimensiones al Data Warehouse...
2025-06-09 21:58:58,959 - INFO - Limpiando tablas existentes...
2025-06-09 21:58:58,962 - INFO - Cargando dimensión de fechas...
2025-06-09 21:58:58,963 - INFO - Generando dimensión de fechas...
2025-06-09 21:59:00,043 - INFO - Cargados 2192 registros en dim_fecha
2025-06-09 21:59:00,044 - INFO - Cargando dimensión de clientes...
2025-06-09 21:59:00,069 - INFO - Cargados 100 registros en dim_cliente
2025-06-09 21:59:00,069 - INFO - Cargando dimensión de productos...
2025-06-09 21:59:00,095 - INFO - Cargados 100 registros en dim_producto
2025-06-09 21:59:00,096 - INFO - Cargando tabla de hechos...
2025-06-09 21:59:00,158 - INFO - Cargados 100 registros en fact_ventas
2025-06-09 21:59:00,159 - INFO - === PROCESO ETL COMPLETADO EXITOSAMENTE ===
2025-06-09 22:00:02,674 - INFO - === INICIO DEL PROCESO ETL ===
2025-06-09 22:00:02,722 - INFO - Conexión a la base de datos establecida exitosamente
2025-06-09 22:00:02,723 - INFO - Iniciando creación del esquema de base de datos...
2025-06-09 22:00:02,734 - INFO - Esquema de base de datos creado exitosamente
2025-06-09 22:00:02,735 - INFO - Iniciando carga de datos CSV...
2025-06-09 22:00:02,740 - INFO - Cargado clientes: 100 registros
2025-06-09 22:00:02,745 - INFO - Cargado productos: 100 registros
2025-06-09 22:00:02,749 - INFO - Cargado ventas: 100 registros
2025-06-09 22:00:02,750 - INFO - Cargando dimensiones al Data Warehouse...
2025-06-09 22:00:02,759 - INFO - Limpiando tablas existentes...
2025-06-09 22:00:02,777 - INFO - Cargando dimensión de fechas...
2025-06-09 22:00:02,778 - INFO - Generando dimensión de fechas...
2025-06-09 22:00:03,183 - INFO - Cargados 2192 registros en dim_fecha
2025-06-09 22:00:03,183 - INFO - Cargando dimensión de clientes...
2025-06-09 22:00:03,204 - INFO - Cargados 100 registros en dim_cliente
2025-06-09 22:00:03,204 - INFO - Cargando dimensión de productos...
2025-06-09 22:00:03,222 - INFO - Cargados 100 registros en dim_producto
2025-06-09 22:00:03,223 - INFO - Cargando tabla de hechos...
2025-06-09 22:00:03,263 - INFO - Cargados 100 registros en fact_ventas
2025-06-09 22:00:03,264 - INFO - === PROCESO ETL COMPLETADO EXITOSAMENTE ===
2025-06-09 22:00:04,655 - INFO - === INICIO DEL PROCESO ETL ===
2025-06-09 22:00:04,698 - INFO - Conexión a la base de datos establecida exitosamente
2025-06-09 22:00:04,698 - INFO - Iniciando creación del esquema de base de datos...
2025-06-09 22:00:04,710 - INFO - Esquema de base de datos creado exitosamente
2025-06-09 22:00:04,710 - INFO - Iniciando carga de datos CSV...
2025-06-09 22:00:04,715 - INFO - Cargado clientes: 100 registros
2025-06-09 22:00:04,719 - INFO - Cargado productos: 100 registros
2025-06-09 22:00:04,723 - INFO - Cargado ventas: 100 registros
2025-06-09 22:00:04,723 - INFO - Cargando dimensiones al Data Warehouse...
2025-06-09 22:00:04,732 - INFO - Limpiando tablas existentes...
2025-06-09 22:00:04,750 - INFO - Cargando dimensión de fechas...
2025-06-09 22:00:04,750 - INFO - Generando dimensión de fechas...
2025-06-09 22:00:05,126 - INFO - Cargados 2192 registros en dim_fecha
2025-06-09 22:00:05,126 - INFO - Cargando dimensión de clientes...
2025-06-09 22:00:05,146 - INFO - Cargados 100 registros en dim_cliente
2025-06-09 22:00:05,147 - INFO - Cargando dimensión de productos...
2025-06-09 22:00:05,164 - INFO - Cargados 100 registros en dim_producto
2025-06-09 22:00:05,164 - INFO - Cargando tabla de hechos...
2025-06-09 22:00:05,205 - INFO - Cargados 100 registros en fact_ventas
2025-06-09 22:00:05,206 - INFO - === PROCESO ETL COMPLETADO EXITOSAMENTE ===
2025-06-09 22:10:03,032 - INFO - === INICIO DEL PROCESO ETL ===
2025-06-09 22:10:03,082 - INFO - Conexión a la base de datos establecida exitosamente
2025-06-09 22:10:03,083 - INFO - Iniciando creación del esquema de base de datos...
2025-06-09 22:10:03,096 - INFO - Esquema de base de datos creado exitosamente
2025-06-09 22:10:03,097 - INFO - Iniciando carga de datos CSV...
2025-06-09 22:10:03,118 - INFO - Cargado clientes: 100 registros
2025-06-09 22:10:03,122 - INFO - Cargado productos: 100 registros
2025-06-09 22:10:03,127 - INFO - Cargado ventas: 100 registros
2025-06-09 22:10:03,127 - INFO - Cargando dimensiones al Data Warehouse...
2025-06-09 22:10:03,136 - INFO - Limpiando tablas existentes...
2025-06-09 22:10:03,156 - INFO - Cargando dimensión de fechas...
2025-06-09 22:10:03,156 - INFO - Generando dimensión de fechas...
2025-06-09 22:10:03,572 - INFO - Cargados 2192 registros en dim_fecha
2025-06-09 22:10:03,572 - INFO - Cargando dimensión de clientes...
2025-06-09 22:10:03,595 - INFO - Cargados 100 registros en dim_cliente
2025-06-09 22:10:03,596 - INFO - Cargando dimensión de productos...
2025-06-09 22:10:03,614 - INFO - Cargados 100 registros en dim_producto
2025-06-09 22:10:03,614 - INFO - Cargando tabla de hechos...
2025-06-09 22:10:03,661 - INFO - Cargados 100 registros en fact_ventas
2025-06-09 22:10:03,661 - INFO - === PROCESO ETL COMPLETADO EXITOSAMENTE ===
2025-06-09 22:20:02,276 - INFO - === INICIO DEL PROCESO ETL ===
2025-06-09 22:20:02,324 - INFO - Conexión a la base de datos establecida exitosamente
2025-06-09 22:20:02,324 - INFO - Iniciando creación del esquema de base de datos...
2025-06-09 22:20:02,337 - INFO - Esquema de base de datos creado exitosamente
2025-06-09 22:20:02,338 - INFO - Iniciando carga de datos CSV...
2025-06-09 22:20:02,359 - INFO - Cargado clientes: 100 registros
2025-06-09 22:20:02,365 - INFO - Cargado productos: 100 registros
2025-06-09 22:20:02,370 - INFO - Cargado ventas: 100 registros
2025-06-09 22:20:02,370 - INFO - Cargando dimensiones al Data Warehouse...
2025-06-09 22:20:02,379 - INFO - Limpiando tablas existentes...
2025-06-09 22:20:02,398 - INFO - Cargando dimensión de fechas...
2025-06-09 22:20:02,399 - INFO - Generando dimensión de fechas...
2025-06-09 22:20:02,806 - INFO - Cargados 2192 registros en dim_fecha
2025-06-09 22:20:02,807 - INFO - Cargando dimensión de clientes...
2025-06-09 22:20:02,828 - INFO - Cargados 100 registros en dim_cliente
2025-06-09 22:20:02,828 - INFO - Cargando dimensión de productos...
2025-06-09 22:20:02,845 - INFO - Cargados 100 registros en dim_producto
2025-06-09 22:20:02,846 - INFO - Cargando tabla de hechos...
2025-06-09 22:20:02,889 - INFO - Cargados 100 registros en fact_ventas
2025-06-09 22:20:02,890 - INFO - === PROCESO ETL COMPLETADO EXITOSAMENTE ===
2025-06-09 22:30:02,463 - INFO - === INICIO DEL PROCESO ETL ===
2025-06-09 22:30:02,512 - INFO - Conexión a la base de datos establecida exitosamente
2025-06-09 22:30:02,513 - INFO - Iniciando creación del esquema de base de datos...
2025-06-09 22:30:02,526 - INFO - Esquema de base de datos creado exitosamente
2025-06-09 22:30:02,526 - INFO - Iniciando carga de datos CSV...
2025-06-09 22:30:02,548 - INFO - Cargado clientes: 100 registros
2025-06-09 22:30:02,552 - INFO - Cargado productos: 100 registros
2025-06-09 22:30:02,557 - INFO - Cargado ventas: 100 registros
2025-06-09 22:30:02,558 - INFO - Cargando dimensiones al Data Warehouse...
2025-06-09 22:30:02,567 - INFO - Limpiando tablas existentes...
2025-06-09 22:30:02,588 - INFO - Cargando dimensión de fechas...
2025-06-09 22:30:02,588 - INFO - Generando dimensión de fechas...
2025-06-09 22:30:03,033 - INFO - Cargados 2192 registros en dim_fecha
2025-06-09 22:30:03,033 - INFO - Cargando dimensión de clientes...
2025-06-09 22:30:03,054 - INFO - Cargados 100 registros en dim_cliente
2025-06-09 22:30:03,055 - INFO - Cargando dimensión de productos...
2025-06-09 22:30:03,074 - INFO - Cargados 100 registros en dim_producto
2025-06-09 22:30:03,075 - INFO - Cargando tabla de hechos...
2025-06-09 22:30:03,119 - INFO - Cargados 100 registros en fact_ventas
2025-06-09 22:30:03,119 - INFO - === PROCESO ETL COMPLETADO EXITOSAMENTE ===
2025-06-09 22:40:02,735 - INFO - === INICIO DEL PROCESO ETL ===
2025-06-09 22:40:02,785 - INFO - Conexión a la base de datos establecida exitosamente
2025-06-09 22:40:02,786 - INFO - Iniciando creación del esquema de base de datos...
2025-06-09 22:40:02,799 - INFO - Esquema de base de datos creado exitosamente
2025-06-09 22:40:02,799 - INFO - Iniciando carga de datos CSV...
2025-06-09 22:40:02,806 - INFO - Cargado clientes: 100 registros
2025-06-09 22:40:02,810 - INFO - Cargado productos: 100 registros
2025-06-09 22:40:02,815 - INFO - Cargado ventas: 100 registros
2025-06-09 22:40:02,815 - INFO - Cargando dimensiones al Data Warehouse...
2025-06-09 22:40:02,824 - INFO - Limpiando tablas existentes...
2025-06-09 22:40:02,844 - INFO - Cargando dimensión de fechas...
2025-06-09 22:40:02,845 - INFO - Generando dimensión de fechas...
2025-06-09 22:40:03,264 - INFO - Cargados 2192 registros en dim_fecha
2025-06-09 22:40:03,265 - INFO - Cargando dimensión de clientes...
2025-06-09 22:40:03,287 - INFO - Cargados 100 registros en dim_cliente
2025-06-09 22:40:03,288 - INFO - Cargando dimensión de productos...
2025-06-09 22:40:03,304 - INFO - Cargados 100 registros en dim_producto
2025-06-09 22:40:03,305 - INFO - Cargando tabla de hechos...
2025-06-09 22:40:03,350 - INFO - Cargados 100 registros en fact_ventas
2025-06-09 22:40:03,350 - INFO - === PROCESO ETL COMPLETADO EXITOSAMENTE ===
2025-06-09 22:50:03,346 - INFO - === INICIO DEL PROCESO ETL ===
2025-06-09 22:50:03,403 - INFO - Conexión a la base de datos establecida exitosamente
2025-06-09 22:50:03,404 - INFO - Iniciando creación del esquema de base de datos...
2025-06-09 22:50:03,420 - INFO - Esquema de base de datos creado exitosamente
2025-06-09 22:50:03,421 - INFO - Iniciando carga de datos CSV...
2025-06-09 22:50:03,432 - INFO - Cargado clientes: 100 registros
2025-06-09 22:50:03,440 - INFO - Cargado productos: 100 registros
2025-06-09 22:50:03,448 - INFO - Cargado ventas: 100 registros
2025-06-09 22:50:03,449 - INFO - Cargando dimensiones al Data Warehouse...
2025-06-09 22:50:03,460 - INFO - Limpiando tablas existentes...
2025-06-09 22:50:03,489 - INFO - Cargando dimensión de fechas...
2025-06-09 22:50:03,489 - INFO - Generando dimensión de fechas...
2025-06-09 22:50:03,967 - INFO - Cargados 2192 registros en dim_fecha
2025-06-09 22:50:03,968 - INFO - Cargando dimensión de clientes...
2025-06-09 22:50:03,995 - INFO - Cargados 100 registros en dim_cliente
2025-06-09 22:50:03,996 - INFO - Cargando dimensión de productos...
2025-06-09 22:50:04,017 - INFO - Cargados 100 registros en dim_producto
2025-06-09 22:50:04,019 - INFO - Cargando tabla de hechos...
2025-06-09 22:50:04,075 - INFO - Cargados 100 registros en fact_ventas
2025-06-09 22:50:04,076 - INFO - === PROCESO ETL COMPLETADO EXITOSAMENTE ===
2025-06-09 23:10:02,618 - INFO - === INICIO DEL PROCESO ETL ===
2025-06-09 23:10:02,664 - INFO - Conexión a la base de datos establecida exitosamente
2025-06-09 23:10:02,664 - INFO - Iniciando creación del esquema de base de datos...
2025-06-09 23:10:02,676 - INFO - Esquema de base de datos creado exitosamente
2025-06-09 23:10:02,677 - INFO - Iniciando carga de datos CSV...
2025-06-09 23:10:02,683 - INFO - Cargado clientes: 100 registros
2025-06-09 23:10:02,687 - INFO - Cargado productos: 100 registros
2025-06-09 23:10:02,691 - INFO - Cargado ventas: 100 registros
2025-06-09 23:10:02,691 - INFO - Cargando dimensiones al Data Warehouse...
2025-06-09 23:10:02,701 - INFO - Limpiando tablas existentes...
2025-06-09 23:10:02,721 - INFO - Cargando dimensión de fechas...
2025-06-09 23:10:02,721 - INFO - Generando dimensión de fechas...
2025-06-09 23:10:03,134 - INFO - Cargados 2192 registros en dim_fecha
2025-06-09 23:10:03,134 - INFO - Cargando dimensión de clientes...
2025-06-09 23:10:03,156 - INFO - Cargados 100 registros en dim_cliente
2025-06-09 23:10:03,157 - INFO - Cargando dimensión de productos...
2025-06-09 23:10:03,174 - INFO - Cargados 100 registros en dim_producto
2025-06-09 23:10:03,175 - INFO - Cargando tabla de hechos...
2025-06-09 23:10:03,218 - INFO - Cargados 100 registros en fact_ventas
2025-06-09 23:10:03,218 - INFO - === PROCESO ETL COMPLETADO EXITOSAMENTE ===
2025-06-09 23:20:02,815 - INFO - === INICIO DEL PROCESO ETL ===
2025-06-09 23:20:02,871 - INFO - Conexión a la base de datos establecida exitosamente
2025-06-09 23:20:02,872 - INFO - Iniciando creación del esquema de base de datos...
2025-06-09 23:20:02,886 - INFO - Esquema de base de datos creado exitosamente
2025-06-09 23:20:02,886 - INFO - Iniciando carga de datos CSV...
2025-06-09 23:20:02,894 - INFO - Cargado clientes: 100 registros
2025-06-09 23:20:02,899 - INFO - Cargado productos: 100 registros
2025-06-09 23:20:02,903 - INFO - Cargado ventas: 100 registros
2025-06-09 23:20:02,904 - INFO - Cargando dimensiones al Data Warehouse...
2025-06-09 23:20:02,920 - INFO - Limpiando tablas existentes...
2025-06-09 23:20:02,942 - INFO - Cargando dimensión de fechas...
2025-06-09 23:20:02,942 - INFO - Generando dimensión de fechas...
2025-06-09 23:20:03,385 - INFO - Cargados 2192 registros en dim_fecha
2025-06-09 23:20:03,386 - INFO - Cargando dimensión de clientes...
2025-06-09 23:20:03,410 - INFO - Cargados 100 registros en dim_cliente
2025-06-09 23:20:03,411 - INFO - Cargando dimensión de productos...
2025-06-09 23:20:03,429 - INFO - Cargados 100 registros en dim_producto
2025-06-09 23:20:03,430 - INFO - Cargando tabla de hechos...
2025-06-09 23:20:03,480 - INFO - Cargados 100 registros en fact_ventas
2025-06-09 23:20:03,481 - INFO - === PROCESO ETL COMPLETADO EXITOSAMENTE ===
